# JRE version: Java(TM) SE Runtime Environment (11.0.5+10) (build 11.0.5+10-LTS)
# Java VM: Java HotSpot(TM) 64-Bit Server VM (11.0.5+10-LTS, mixed mode, tiered, compressed oops, g1 gc, linux-amd64)
Heap:
 garbage-first heap   total 239616K, used 56536K [0x0000000746c00000, 0x0000000800000000)
  region size 1024K, 48 young (49152K), 9 survivors (9216K)
 Metaspace       used 34421K, capacity 35495K, committed 35628K, reserved 1081344K
  class space    used 4275K, capacity 4708K, committed 4736K, reserved 1048576K
GC Heap History (10 events):
Event: 1,510 GC heap before
{Heap before GC invocations=2 (full 0):
 garbage-first heap   total 190464K, used 33682K [0x0000000746c00000, 0x0000000800000000)
  region size 1024K, 26 young (26624K), 2 survivors (2048K)
 Metaspace       used 15536K, capacity 15939K, committed 16256K, reserved 1062912K
  class space    used 1646K, capacity 1814K, committed 1920K, reserved 1048576K
}
Event: 1,521 GC heap after
{Heap after GC invocations=3 (full 0):
 garbage-first heap   total 190464K, used 10898K [0x0000000746c00000, 0x0000000800000000)
  region size 1024K, 3 young (3072K), 3 survivors (3072K)
 Metaspace       used 15536K, capacity 15939K, committed 16256K, reserved 1062912K
  class space    used 1646K, capacity 1814K, committed 1920K, reserved 1048576K
}
Event: 1,547 GC heap before
{Heap before GC invocations=3 (full 0):
 garbage-first heap   total 190464K, used 46738K [0x0000000746c00000, 0x0000000800000000)
  region size 1024K, 39 young (39936K), 3 survivors (3072K)
 Metaspace       used 15557K, capacity 15942K, committed 16256K, reserved 1062912K
  class space    used 1649K, capacity 1815K, committed 1920K, reserved 1048576K
}
Event: 1,556 GC heap after
{Heap after GC invocations=4 (full 0):
 garbage-first heap   total 190464K, used 10978K [0x0000000746c00000, 0x0000000800000000)
  region size 1024K, 3 young (3072K), 3 survivors (3072K)
 Metaspace       used 15557K, capacity 15942K, committed 16256K, reserved 1062912K
  class space    used 1649K, capacity 1815K, committed 1920K, reserved 1048576K
}
Event: 2,185 GC heap before
{Heap before GC invocations=4 (full 0):
 garbage-first heap   total 190464K, used 42722K [0x0000000746c00000, 0x0000000800000000)
  region size 1024K, 36 young (36864K), 3 survivors (3072K)
 Metaspace       used 20550K, capacity 21180K, committed 21248K, reserved 1069056K
  class space    used 2318K, capacity 2540K, committed 2560K, reserved 1048576K
}
Event: 2,197 GC heap after
{Heap after GC invocations=5 (full 0):
 garbage-first heap   total 239616K, used 12147K [0x0000000746c00000, 0x0000000800000000)
  region size 1024K, 4 young (4096K), 4 survivors (4096K)
 Metaspace       used 20550K, capacity 21180K, committed 21248K, reserved 1069056K
  class space    used 2318K, capacity 2540K, committed 2560K, reserved 1048576K
}
Event: 3,080 GC heap before
{Heap before GC invocations=6 (full 0):
 garbage-first heap   total 239616K, used 89971K [0x0000000746c00000, 0x0000000800000000)
  region size 1024K, 81 young (82944K), 4 survivors (4096K)
 Metaspace       used 27700K, capacity 28553K, committed 28800K, reserved 1075200K
  class space    used 3348K, capacity 3680K, committed 3712K, reserved 1048576K
}
Event: 3,090 GC heap after
{Heap after GC invocations=7 (full 0):
 garbage-first heap   total 239616K, used 14168K [0x0000000746c00000, 0x0000000800000000)
  region size 1024K, 6 young (6144K), 6 survivors (6144K)
 Metaspace       used 27700K, capacity 28553K, committed 28800K, reserved 1075200K
  class space    used 3348K, capacity 3680K, committed 3712K, reserved 1048576K
}
Event: 6,915 GC heap before
{Heap before GC invocations=7 (full 0):
 garbage-first heap   total 239616K, used 125784K [0x0000000746c00000, 0x0000000800000000)
  region size 1024K, 116 young (118784K), 6 survivors (6144K)
 Metaspace       used 31548K, capacity 32514K, committed 32640K, reserved 1077248K
  class space    used 3866K, capacity 4205K, committed 4224K, reserved 1048576K
}
Event: 6,928 GC heap after
{Heap after GC invocations=8 (full 0):
 garbage-first heap   total 239616K, used 17624K [0x0000000746c00000, 0x0000000800000000)
  region size 1024K, 9 young (9216K), 9 survivors (9216K)
 Metaspace       used 31548K, capacity 32514K, committed 32640K, reserved 1077248K
  class space    used 3866K, capacity 4205K, committed 4224K, reserved 1048576K
}

